{"/Users/kellanriley/bcb/Languini/app/server/app.js":{"path":"/Users/kellanriley/bcb/Languini/app/server/app.js","s":{"1":1,"2":1,"3":1,"4":1,"5":1,"6":1,"7":1,"8":1,"9":1,"10":1,"11":1,"12":1,"13":1,"14":1,"15":1,"16":1,"17":1,"18":1,"19":1,"20":1,"21":1,"22":1,"23":1,"24":1,"25":1,"26":1,"27":1,"28":1,"29":1,"30":6,"31":1,"32":6,"33":6,"34":1,"35":0,"36":1,"37":1,"38":1,"39":1,"40":1,"41":1,"42":1,"43":1,"44":1,"45":1,"46":1,"47":1,"48":6,"49":6,"50":1,"51":1,"52":1,"53":1,"54":6,"55":1},"b":{"1":[1,0]},"f":{},"fnMap":{},"statementMap":{"1":{"start":{"line":1,"column":0},"end":{"line":1,"column":34}},"2":{"start":{"line":2,"column":0},"end":{"line":2,"column":28}},"3":{"start":{"line":3,"column":0},"end":{"line":3,"column":32}},"4":{"start":{"line":4,"column":0},"end":{"line":4,"column":42}},"5":{"start":{"line":5,"column":0},"end":{"line":5,"column":46}},"6":{"start":{"line":6,"column":0},"end":{"line":6,"column":42}},"7":{"start":{"line":7,"column":0},"end":{"line":7,"column":36}},"8":{"start":{"line":8,"column":0},"end":{"line":8,"column":32}},"9":{"start":{"line":9,"column":0},"end":{"line":12,"column":2}},"10":{"start":{"line":13,"column":0},"end":{"line":13,"column":41}},"11":{"start":{"line":14,"column":0},"end":{"line":14,"column":28}},"12":{"start":{"line":15,"column":0},"end":{"line":15,"column":33}},"13":{"start":{"line":16,"column":0},"end":{"line":16,"column":24}},"14":{"start":{"line":17,"column":0},"end":{"line":17,"column":43}},"15":{"start":{"line":18,"column":0},"end":{"line":18,"column":32}},"16":{"start":{"line":19,"column":0},"end":{"line":19,"column":26}},"17":{"start":{"line":20,"column":0},"end":{"line":20,"column":40}},"18":{"start":{"line":21,"column":0},"end":{"line":21,"column":51}},"19":{"start":{"line":22,"column":0},"end":{"line":22,"column":48}},"20":{"start":{"line":24,"column":0},"end":{"line":24,"column":21}},"21":{"start":{"line":26,"column":0},"end":{"line":26,"column":44}},"22":{"start":{"line":28,"column":0},"end":{"line":31,"column":1}},"23":{"start":{"line":33,"column":0},"end":{"line":33,"column":23}},"24":{"start":{"line":35,"column":0},"end":{"line":35,"column":17}},"25":{"start":{"line":36,"column":0},"end":{"line":36,"column":22}},"26":{"start":{"line":39,"column":0},"end":{"line":39,"column":51}},"27":{"start":{"line":41,"column":0},"end":{"line":41,"column":51}},"28":{"start":{"line":43,"column":0},"end":{"line":46,"column":2}},"29":{"start":{"line":48,"column":0},"end":{"line":50,"column":2}},"30":{"start":{"line":49,"column":2},"end":{"line":49,"column":15}},"31":{"start":{"line":51,"column":0},"end":{"line":54,"column":2}},"32":{"start":{"line":52,"column":2},"end":{"line":52,"column":19}},"33":{"start":{"line":53,"column":2},"end":{"line":53,"column":8}},"34":{"start":{"line":55,"column":0},"end":{"line":59,"column":2}},"35":{"start":{"line":58,"column":26},"end":{"line":58,"column":46}},"36":{"start":{"line":62,"column":0},"end":{"line":62,"column":48}},"37":{"start":{"line":63,"column":0},"end":{"line":63,"column":29}},"38":{"start":{"line":66,"column":0},"end":{"line":66,"column":51}},"39":{"start":{"line":67,"column":0},"end":{"line":67,"column":26}},"40":{"start":{"line":70,"column":0},"end":{"line":70,"column":20}},"41":{"start":{"line":73,"column":0},"end":{"line":73,"column":70}},"42":{"start":{"line":76,"column":0},"end":{"line":76,"column":33}},"43":{"start":{"line":79,"column":0},"end":{"line":79,"column":91}},"44":{"start":{"line":82,"column":0},"end":{"line":82,"column":40}},"45":{"start":{"line":83,"column":0},"end":{"line":83,"column":30}},"46":{"start":{"line":84,"column":0},"end":{"line":84,"column":27}},"47":{"start":{"line":87,"column":0},"end":{"line":90,"column":2}},"48":{"start":{"line":88,"column":2},"end":{"line":88,"column":28}},"49":{"start":{"line":89,"column":2},"end":{"line":89,"column":8}},"50":{"start":{"line":93,"column":0},"end":{"line":93,"column":46}},"51":{"start":{"line":94,"column":0},"end":{"line":94,"column":24}},"52":{"start":{"line":95,"column":0},"end":{"line":95,"column":26}},"53":{"start":{"line":100,"column":0},"end":{"line":102,"column":2}},"54":{"start":{"line":101,"column":2},"end":{"line":101,"column":29}},"55":{"start":{"line":105,"column":0},"end":{"line":105,"column":20}}},"branchMap":{"1":{"line":41,"type":"binary-expr","locations":[{"start":{"line":41,"column":0},"end":{"line":41,"column":24}},{"start":{"line":41,"column":28},"end":{"line":41,"column":51}}]}}},"/Users/kellanriley/bcb/Languini/app/server/routes/views.routes.js":{"path":"/Users/kellanriley/bcb/Languini/app/server/routes/views.routes.js","s":{"1":1,"2":1,"3":1,"4":1},"b":{},"f":{},"fnMap":{},"statementMap":{"1":{"start":{"line":1,"column":0},"end":{"line":1,"column":34}},"2":{"start":{"line":3,"column":0},"end":{"line":3,"column":65}},"3":{"start":{"line":4,"column":0},"end":{"line":4,"column":31}},"4":{"start":{"line":6,"column":0},"end":{"line":10,"column":38}}},"branchMap":{}},"/Users/kellanriley/bcb/Languini/app/server/models/index.js":{"path":"/Users/kellanriley/bcb/Languini/app/server/models/index.js","s":{"1":1,"2":1,"3":1,"4":1,"5":1,"6":1,"7":1,"8":1,"9":1,"10":0,"11":1,"12":1,"13":7,"14":5,"15":5,"16":1,"17":5,"18":5,"19":1,"20":1,"21":1},"b":{"1":[1,1],"2":[0,1],"3":[7,7,6],"4":[5,0]},"f":{},"fnMap":{},"statementMap":{"1":{"start":{"line":1,"column":0},"end":{"line":1,"column":24}},"2":{"start":{"line":2,"column":0},"end":{"line":2,"column":28}},"3":{"start":{"line":3,"column":0},"end":{"line":3,"column":38}},"4":{"start":{"line":4,"column":0},"end":{"line":4,"column":47}},"5":{"start":{"line":5,"column":0},"end":{"line":5,"column":49}},"6":{"start":{"line":6,"column":0},"end":{"line":6,"column":62}},"7":{"start":{"line":7,"column":0},"end":{"line":7,"column":13}},"8":{"start":{"line":9,"column":0},"end":{"line":9,"column":13}},"9":{"start":{"line":10,"column":0},"end":{"line":14,"column":1}},"10":{"start":{"line":11,"column":2},"end":{"line":11,"column":53}},"11":{"start":{"line":13,"column":2},"end":{"line":13,"column":86}},"12":{"start":{"line":16,"column":0},"end":{"line":19,"column":2}},"13":{"start":{"line":16,"column":41},"end":{"line":16,"column":119}},"14":{"start":{"line":17,"column":2},"end":{"line":17,"column":60}},"15":{"start":{"line":18,"column":2},"end":{"line":18,"column":24}},"16":{"start":{"line":21,"column":0},"end":{"line":25,"column":2}},"17":{"start":{"line":22,"column":2},"end":{"line":24,"column":3}},"18":{"start":{"line":23,"column":4},"end":{"line":23,"column":31}},"19":{"start":{"line":27,"column":0},"end":{"line":27,"column":24}},"20":{"start":{"line":28,"column":0},"end":{"line":28,"column":24}},"21":{"start":{"line":30,"column":0},"end":{"line":30,"column":19}}},"branchMap":{"1":{"line":5,"type":"binary-expr","locations":[{"start":{"line":5,"column":12},"end":{"line":5,"column":32}},{"start":{"line":5,"column":36},"end":{"line":5,"column":49}}]},"2":{"line":10,"type":"if","locations":[{"start":{"line":10,"column":0},"end":{"line":10,"column":0}},{"start":{"line":10,"column":0},"end":{"line":10,"column":0}}]},"3":{"line":16,"type":"binary-expr","locations":[{"start":{"line":16,"column":42},"end":{"line":16,"column":65}},{"start":{"line":16,"column":71},"end":{"line":16,"column":88}},{"start":{"line":16,"column":94},"end":{"line":16,"column":118}}]},"4":{"line":22,"type":"if","locations":[{"start":{"line":22,"column":2},"end":{"line":22,"column":2}},{"start":{"line":22,"column":2},"end":{"line":22,"column":2}}]}}},"/Users/kellanriley/bcb/Languini/app/server/models/answer.js":{"path":"/Users/kellanriley/bcb/Languini/app/server/models/answer.js","s":{"1":1,"2":1,"3":1,"4":1,"5":1,"6":1,"7":1},"b":{},"f":{},"fnMap":{},"statementMap":{"1":{"start":{"line":1,"column":0},"end":{"line":18,"column":1}},"2":{"start":{"line":2,"column":2},"end":{"line":16,"column":4}},"3":{"start":{"line":10,"column":8},"end":{"line":10,"column":44}},"4":{"start":{"line":11,"column":8},"end":{"line":11,"column":37}},"5":{"start":{"line":12,"column":8},"end":{"line":12,"column":38}},"6":{"start":{"line":13,"column":8},"end":{"line":13,"column":36}},"7":{"start":{"line":17,"column":2},"end":{"line":17,"column":15}}},"branchMap":{}},"/Users/kellanriley/bcb/Languini/app/server/models/comment.js":{"path":"/Users/kellanriley/bcb/Languini/app/server/models/comment.js","s":{"1":1,"2":1,"3":1,"4":1,"5":1},"b":{},"f":{},"fnMap":{},"statementMap":{"1":{"start":{"line":1,"column":0},"end":{"line":16,"column":1}},"2":{"start":{"line":2,"column":2},"end":{"line":14,"column":4}},"3":{"start":{"line":10,"column":8},"end":{"line":10,"column":40}},"4":{"start":{"line":11,"column":8},"end":{"line":11,"column":38}},"5":{"start":{"line":15,"column":2},"end":{"line":15,"column":16}}},"branchMap":{}},"/Users/kellanriley/bcb/Languini/app/server/models/translation.js":{"path":"/Users/kellanriley/bcb/Languini/app/server/models/translation.js","s":{"1":1,"2":1,"3":1,"4":1,"5":1},"b":{},"f":{},"fnMap":{},"statementMap":{"1":{"start":{"line":1,"column":0},"end":{"line":78,"column":1}},"2":{"start":{"line":2,"column":2},"end":{"line":76,"column":6}},"3":{"start":{"line":72,"column":10},"end":{"line":72,"column":44}},"4":{"start":{"line":73,"column":10},"end":{"line":73,"column":44}},"5":{"start":{"line":77,"column":2},"end":{"line":77,"column":20}}},"branchMap":{}},"/Users/kellanriley/bcb/Languini/app/server/models/user.js":{"path":"/Users/kellanriley/bcb/Languini/app/server/models/user.js","s":{"1":1,"2":1,"3":1,"4":1,"5":1,"6":1,"7":1},"b":{},"f":{},"fnMap":{},"statementMap":{"1":{"start":{"line":1,"column":0},"end":{"line":40,"column":1}},"2":{"start":{"line":2,"column":2},"end":{"line":38,"column":4}},"3":{"start":{"line":32,"column":8},"end":{"line":32,"column":40}},"4":{"start":{"line":33,"column":8},"end":{"line":33,"column":35}},"5":{"start":{"line":34,"column":8},"end":{"line":34,"column":36}},"6":{"start":{"line":35,"column":8},"end":{"line":35,"column":34}},"7":{"start":{"line":39,"column":2},"end":{"line":39,"column":13}}},"branchMap":{}},"/Users/kellanriley/bcb/Languini/app/server/models/votes.js":{"path":"/Users/kellanriley/bcb/Languini/app/server/models/votes.js","s":{"1":1,"2":1,"3":1,"4":1,"5":1},"b":{},"f":{},"fnMap":{},"statementMap":{"1":{"start":{"line":1,"column":0},"end":{"line":20,"column":1}},"2":{"start":{"line":2,"column":2},"end":{"line":18,"column":4}},"3":{"start":{"line":14,"column":8},"end":{"line":14,"column":38}},"4":{"start":{"line":15,"column":8},"end":{"line":15,"column":36}},"5":{"start":{"line":19,"column":2},"end":{"line":19,"column":14}}},"branchMap":{}},"/Users/kellanriley/bcb/Languini/app/server/routes/api.routes.js":{"path":"/Users/kellanriley/bcb/Languini/app/server/routes/api.routes.js","s":{"1":1,"2":1,"3":1,"4":1,"5":1},"b":{},"f":{},"fnMap":{},"statementMap":{"1":{"start":{"line":1,"column":0},"end":{"line":1,"column":34}},"2":{"start":{"line":2,"column":0},"end":{"line":2,"column":28}},"3":{"start":{"line":3,"column":0},"end":{"line":3,"column":61}},"4":{"start":{"line":5,"column":0},"end":{"line":5,"column":31}},"5":{"start":{"line":7,"column":0},"end":{"line":14,"column":40}}},"branchMap":{}},"/Users/kellanriley/bcb/Languini/app/server/routes/auth.routes.js":{"path":"/Users/kellanriley/bcb/Languini/app/server/routes/auth.routes.js","s":{"1":1,"2":1,"3":1,"4":1,"5":1,"6":1},"b":{},"f":{},"fnMap":{},"statementMap":{"1":{"start":{"line":1,"column":0},"end":{"line":1,"column":34}},"2":{"start":{"line":3,"column":0},"end":{"line":3,"column":63}},"3":{"start":{"line":4,"column":0},"end":{"line":4,"column":31}},"4":{"start":{"line":6,"column":0},"end":{"line":22,"column":1}},"5":{"start":{"line":7,"column":2},"end":{"line":19,"column":42}},"6":{"start":{"line":21,"column":2},"end":{"line":21,"column":26}}},"branchMap":{}},"/Users/kellanriley/bcb/Languini/app/server/controller/auth.controller.js":{"path":"/Users/kellanriley/bcb/Languini/app/server/controller/auth.controller.js","s":{"1":1,"2":0,"3":0,"4":1,"5":0,"6":0,"7":0},"b":{},"f":{},"fnMap":{},"statementMap":{"1":{"start":{"line":1,"column":0},"end":{"line":4,"column":1}},"2":{"start":{"line":2,"column":2},"end":{"line":2,"column":70}},"3":{"start":{"line":3,"column":2},"end":{"line":3,"column":38}},"4":{"start":{"line":6,"column":0},"end":{"line":10,"column":1}},"5":{"start":{"line":7,"column":2},"end":{"line":7,"column":68}},"6":{"start":{"line":8,"column":2},"end":{"line":8,"column":14}},"7":{"start":{"line":9,"column":2},"end":{"line":9,"column":38}}},"branchMap":{}}}