TN:
SF:/Users/kellanriley/bcb/Languini/app/server/app.js
FNF:0
FNH:0
DA:1,1
DA:2,1
DA:3,1
DA:4,1
DA:5,1
DA:6,1
DA:7,1
DA:8,1
DA:9,1
DA:13,1
DA:14,1
DA:15,1
DA:16,1
DA:17,1
DA:18,1
DA:19,1
DA:20,1
DA:21,1
DA:22,1
DA:24,1
DA:26,1
DA:28,1
DA:33,1
DA:35,1
DA:36,1
DA:39,1
DA:41,1
DA:43,1
DA:48,1
DA:49,6
DA:51,1
DA:52,6
DA:53,6
DA:55,1
DA:58,0
DA:62,1
DA:63,1
DA:66,1
DA:67,1
DA:70,1
DA:73,1
DA:76,1
DA:79,1
DA:82,1
DA:83,1
DA:84,1
DA:87,1
DA:88,6
DA:89,6
DA:93,1
DA:94,1
DA:95,1
DA:100,1
DA:101,6
DA:105,1
LF:55
LH:54
BRDA:41,1,0,1
BRDA:41,1,1,0
BRF:2
BRH:1
end_of_record
TN:
SF:/Users/kellanriley/bcb/Languini/app/server/routes/views.routes.js
FNF:0
FNH:0
DA:1,1
DA:3,1
DA:4,1
DA:6,1
LF:4
LH:4
BRF:0
BRH:0
end_of_record
TN:
SF:/Users/kellanriley/bcb/Languini/app/server/models/index.js
FNF:0
FNH:0
DA:1,1
DA:2,1
DA:3,1
DA:4,1
DA:5,1
DA:6,1
DA:7,1
DA:9,1
DA:10,1
DA:11,0
DA:13,1
DA:16,7
DA:17,5
DA:18,5
DA:21,1
DA:22,5
DA:23,5
DA:27,1
DA:28,1
DA:30,1
LF:20
LH:19
BRDA:5,1,0,1
BRDA:5,1,1,1
BRDA:10,2,0,0
BRDA:10,2,1,1
BRDA:16,3,0,7
BRDA:16,3,1,7
BRDA:16,3,2,6
BRDA:22,4,0,5
BRDA:22,4,1,0
BRF:9
BRH:7
end_of_record
TN:
SF:/Users/kellanriley/bcb/Languini/app/server/models/answer.js
FNF:0
FNH:0
DA:1,1
DA:2,1
DA:10,1
DA:11,1
DA:12,1
DA:13,1
DA:17,1
LF:7
LH:7
BRF:0
BRH:0
end_of_record
TN:
SF:/Users/kellanriley/bcb/Languini/app/server/models/comment.js
FNF:0
FNH:0
DA:1,1
DA:2,1
DA:10,1
DA:11,1
DA:15,1
LF:5
LH:5
BRF:0
BRH:0
end_of_record
TN:
SF:/Users/kellanriley/bcb/Languini/app/server/models/translation.js
FNF:0
FNH:0
DA:1,1
DA:2,1
DA:72,1
DA:73,1
DA:77,1
LF:5
LH:5
BRF:0
BRH:0
end_of_record
TN:
SF:/Users/kellanriley/bcb/Languini/app/server/models/user.js
FNF:0
FNH:0
DA:1,1
DA:2,1
DA:32,1
DA:33,1
DA:34,1
DA:35,1
DA:39,1
LF:7
LH:7
BRF:0
BRH:0
end_of_record
TN:
SF:/Users/kellanriley/bcb/Languini/app/server/models/votes.js
FNF:0
FNH:0
DA:1,1
DA:2,1
DA:14,1
DA:15,1
DA:19,1
LF:5
LH:5
BRF:0
BRH:0
end_of_record
TN:
SF:/Users/kellanriley/bcb/Languini/app/server/routes/api.routes.js
FNF:0
FNH:0
DA:1,1
DA:2,1
DA:3,1
DA:5,1
DA:7,1
LF:5
LH:5
BRF:0
BRH:0
end_of_record
TN:
SF:/Users/kellanriley/bcb/Languini/app/server/routes/auth.routes.js
FNF:0
FNH:0
DA:1,1
DA:3,1
DA:4,1
DA:6,1
DA:7,1
DA:21,1
LF:6
LH:6
BRF:0
BRH:0
end_of_record
TN:
SF:/Users/kellanriley/bcb/Languini/app/server/controller/auth.controller.js
FNF:0
FNH:0
DA:1,1
DA:2,0
DA:3,0
DA:6,1
DA:7,0
DA:8,0
DA:9,0
LF:7
LH:2
BRF:0
BRH:0
end_of_record
